2024-06-28 01:29:09,533 - fastapi - launchscript - INFO - User launched scripts
2024-06-28 01:29:09,560 - fastapi - launchscript - DEBUG - Scripts already launched
2024-06-28 01:29:32,452 - fastapi - stopscript - INFO - User stops script
2024-06-28 01:29:32,452 - fastapi - stopscript - INFO - User stops script
2024-06-28 01:29:42,843 - fastapi - stopscript - DEBUG - Script stopped
2024-06-28 01:29:42,843 - fastapi - stopscript - DEBUG - Script stopped
2024-06-28 01:31:20,452 - fastapi - launchscript - INFO - User launched scripts
2024-06-28 01:31:20,452 - fastapi - launchscript - INFO - User launched scripts
2024-06-28 01:31:20,452 - fastapi - launchscript - INFO - User launched scripts
2024-06-28 01:31:20,473 - fastapi - launchscript - DEBUG - Scripts started
2024-06-28 01:31:20,473 - fastapi - launchscript - DEBUG - Scripts started
2024-06-28 01:31:20,473 - fastapi - launchscript - DEBUG - Scripts started
2024-06-28 01:31:43,979 - fastapi - launchscript - INFO - User launched scripts
2024-06-28 01:31:43,979 - fastapi - launchscript - INFO - User launched scripts
2024-06-28 01:31:43,979 - fastapi - launchscript - INFO - User launched scripts
2024-06-28 01:31:43,979 - fastapi - launchscript - INFO - User launched scripts
2024-06-28 01:31:43,999 - fastapi - launchscript - DEBUG - Scripts started
2024-06-28 01:31:43,999 - fastapi - launchscript - DEBUG - Scripts started
2024-06-28 01:31:43,999 - fastapi - launchscript - DEBUG - Scripts started
2024-06-28 01:31:43,999 - fastapi - launchscript - DEBUG - Scripts started
2024-06-28 01:31:44,157 - mainscript - INFO - Starting docker containers
2024-06-28 01:33:59,050 - fastapi - launchscript - INFO - User launched scripts
2024-06-28 01:33:59,050 - fastapi - launchscript - INFO - User launched scripts
2024-06-28 01:33:59,050 - fastapi - launchscript - INFO - User launched scripts
2024-06-28 01:33:59,050 - fastapi - launchscript - INFO - User launched scripts
2024-06-28 01:33:59,050 - fastapi - launchscript - INFO - User launched scripts
2024-06-28 01:33:59,069 - fastapi - launchscript - DEBUG - Scripts started
2024-06-28 01:33:59,069 - fastapi - launchscript - DEBUG - Scripts started
2024-06-28 01:33:59,069 - fastapi - launchscript - DEBUG - Scripts started
2024-06-28 01:33:59,069 - fastapi - launchscript - DEBUG - Scripts started
2024-06-28 01:33:59,069 - fastapi - launchscript - DEBUG - Scripts started
2024-06-28 01:33:59,223 - mainscript - INFO - Starting docker containers
2024-06-28 01:34:10,071 - fastapi - launchscript - INFO - User launched scripts
2024-06-28 01:34:10,071 - fastapi - launchscript - INFO - User launched scripts
2024-06-28 01:34:10,071 - fastapi - launchscript - INFO - User launched scripts
2024-06-28 01:34:10,071 - fastapi - launchscript - INFO - User launched scripts
2024-06-28 01:34:10,071 - fastapi - launchscript - INFO - User launched scripts
2024-06-28 01:34:10,071 - fastapi - launchscript - INFO - User launched scripts
2024-06-28 01:34:10,092 - fastapi - launchscript - DEBUG - Scripts started
2024-06-28 01:34:10,092 - fastapi - launchscript - DEBUG - Scripts started
2024-06-28 01:34:10,092 - fastapi - launchscript - DEBUG - Scripts started
2024-06-28 01:34:10,092 - fastapi - launchscript - DEBUG - Scripts started
2024-06-28 01:34:10,092 - fastapi - launchscript - DEBUG - Scripts started
2024-06-28 01:34:10,092 - fastapi - launchscript - DEBUG - Scripts started
2024-06-28 01:34:10,254 - mainscript - INFO - Starting docker containers
2024-06-28 01:36:15,596 - fastapi - launchscript - INFO - User launched scripts
2024-06-28 01:36:15,596 - fastapi - launchscript - INFO - User launched scripts
2024-06-28 01:36:15,596 - fastapi - launchscript - INFO - User launched scripts
2024-06-28 01:36:15,596 - fastapi - launchscript - INFO - User launched scripts
2024-06-28 01:36:15,596 - fastapi - launchscript - INFO - User launched scripts
2024-06-28 01:36:15,596 - fastapi - launchscript - INFO - User launched scripts
2024-06-28 01:36:15,596 - fastapi - launchscript - INFO - User launched scripts
2024-06-28 01:36:15,615 - fastapi - launchscript - DEBUG - Scripts started
2024-06-28 01:36:15,615 - fastapi - launchscript - DEBUG - Scripts started
2024-06-28 01:36:15,615 - fastapi - launchscript - DEBUG - Scripts started
2024-06-28 01:36:15,615 - fastapi - launchscript - DEBUG - Scripts started
2024-06-28 01:36:15,615 - fastapi - launchscript - DEBUG - Scripts started
2024-06-28 01:36:15,615 - fastapi - launchscript - DEBUG - Scripts started
2024-06-28 01:36:15,615 - fastapi - launchscript - DEBUG - Scripts started
2024-06-28 01:36:15,769 - mainscript - INFO - Starting docker containers
2024-06-28 01:36:15,769 - dockerloader - INFO - Building docker compose
2024-06-28 01:36:40,879 - fastapi - launchscript - INFO - User launched scripts
2024-06-28 01:36:40,879 - fastapi - launchscript - INFO - User launched scripts
2024-06-28 01:36:40,879 - fastapi - launchscript - INFO - User launched scripts
2024-06-28 01:36:40,879 - fastapi - launchscript - INFO - User launched scripts
2024-06-28 01:36:40,879 - fastapi - launchscript - INFO - User launched scripts
2024-06-28 01:36:40,879 - fastapi - launchscript - INFO - User launched scripts
2024-06-28 01:36:40,879 - fastapi - launchscript - INFO - User launched scripts
2024-06-28 01:36:40,879 - fastapi - launchscript - INFO - User launched scripts
2024-06-28 01:36:40,899 - fastapi - launchscript - DEBUG - Scripts started
2024-06-28 01:36:40,899 - fastapi - launchscript - DEBUG - Scripts started
2024-06-28 01:36:40,899 - fastapi - launchscript - DEBUG - Scripts started
2024-06-28 01:36:40,899 - fastapi - launchscript - DEBUG - Scripts started
2024-06-28 01:36:40,899 - fastapi - launchscript - DEBUG - Scripts started
2024-06-28 01:36:40,899 - fastapi - launchscript - DEBUG - Scripts started
2024-06-28 01:36:40,899 - fastapi - launchscript - DEBUG - Scripts started
2024-06-28 01:36:40,899 - fastapi - launchscript - DEBUG - Scripts started
2024-06-28 01:36:41,052 - mainscript - INFO - Starting docker containers
2024-06-28 01:36:41,052 - dockerloader - INFO - Building docker compose
2024-06-28 01:36:41,280 - dockerloader - INFO - Starting docker compose
2024-06-28 01:37:08,924 - fastapi - launchscript - INFO - User launched scripts
2024-06-28 01:37:08,924 - fastapi - launchscript - INFO - User launched scripts
2024-06-28 01:37:08,924 - fastapi - launchscript - INFO - User launched scripts
2024-06-28 01:37:08,924 - fastapi - launchscript - INFO - User launched scripts
2024-06-28 01:37:08,924 - fastapi - launchscript - INFO - User launched scripts
2024-06-28 01:37:08,924 - fastapi - launchscript - INFO - User launched scripts
2024-06-28 01:37:08,924 - fastapi - launchscript - INFO - User launched scripts
2024-06-28 01:37:08,924 - fastapi - launchscript - INFO - User launched scripts
2024-06-28 01:37:08,924 - fastapi - launchscript - INFO - User launched scripts
2024-06-28 01:37:08,943 - fastapi - launchscript - DEBUG - Scripts started
2024-06-28 01:37:08,943 - fastapi - launchscript - DEBUG - Scripts started
2024-06-28 01:37:08,943 - fastapi - launchscript - DEBUG - Scripts started
2024-06-28 01:37:08,943 - fastapi - launchscript - DEBUG - Scripts started
2024-06-28 01:37:08,943 - fastapi - launchscript - DEBUG - Scripts started
2024-06-28 01:37:08,943 - fastapi - launchscript - DEBUG - Scripts started
2024-06-28 01:37:08,943 - fastapi - launchscript - DEBUG - Scripts started
2024-06-28 01:37:08,943 - fastapi - launchscript - DEBUG - Scripts started
2024-06-28 01:37:08,943 - fastapi - launchscript - DEBUG - Scripts started
2024-06-28 01:37:09,099 - mainscript - INFO - Starting docker containers
2024-06-28 01:37:09,100 - dockerloader - INFO - Building docker compose
2024-06-28 01:37:09,386 - dockerloader - INFO - Starting docker compose
2024-06-28 01:37:30,029 - albh - publisher - INFO - Script started
2024-06-28 01:37:30,030 - albh - publisher - DEBUG - Searching file
2024-06-28 01:37:30,030 - albh - publisher - DEBUG - File found
2024-06-28 01:37:30,030 - albh - publisher - DEBUG - Opening file
2024-06-28 01:37:30,030 - albh - publisher - DEBUG - File opened
2024-06-28 01:37:30,031 - abpo - publisher - INFO - Script started
2024-06-28 01:37:30,031 - abpo - publisher - DEBUG - Searching file
2024-06-28 01:37:30,031 - abpo - publisher - DEBUG - File found
2024-06-28 01:37:30,032 - abpo - publisher - DEBUG - Opening file
2024-06-28 01:37:30,032 - abpo - publisher - DEBUG - File opened
2024-06-28 01:37:30,207 - antc - publisher - INFO - Script started
2024-06-28 01:37:30,208 - antc - publisher - DEBUG - Searching file
2024-06-28 01:37:30,208 - antc - publisher - DEBUG - File found
2024-06-28 01:37:30,208 - antc - publisher - DEBUG - Opening file
2024-06-28 01:37:30,208 - antc - publisher - DEBUG - File opened
2024-06-28 01:37:30,209 - areq - publisher - INFO - Script started
2024-06-28 01:37:30,210 - areq - publisher - DEBUG - Searching file
2024-06-28 01:37:30,210 - areq - publisher - DEBUG - File found
2024-06-28 01:37:30,210 - areq - publisher - DEBUG - Opening file
2024-06-28 01:37:30,210 - areq - publisher - DEBUG - File opened
2024-06-28 01:37:30,731 - badg - publisher - INFO - Script started
2024-06-28 01:37:30,731 - badg - publisher - DEBUG - Searching file
2024-06-28 01:37:30,731 - badg - publisher - DEBUG - File found
2024-06-28 01:37:30,731 - badg - publisher - DEBUG - Opening file
2024-06-28 01:37:30,731 - badg - publisher - DEBUG - File opened
2024-06-28 01:37:30,821 - ascg - publisher - INFO - Script started
2024-06-28 01:37:30,821 - ascg - publisher - DEBUG - Searching file
2024-06-28 01:37:30,824 - ascg - publisher - DEBUG - File found
2024-06-28 01:37:30,824 - ascg - publisher - DEBUG - Opening file
2024-06-28 01:37:30,824 - ascg - publisher - DEBUG - File opened
2024-06-28 01:37:30,840 - areg - publisher - INFO - Script started
2024-06-28 01:37:30,842 - areg - publisher - DEBUG - Searching file
2024-06-28 01:37:30,842 - areg - publisher - DEBUG - File found
2024-06-28 01:37:30,842 - areg - publisher - DEBUG - Opening file
2024-06-28 01:37:30,843 - areg - publisher - DEBUG - File opened
2024-06-28 01:37:30,893 - bake - publisher - INFO - Script started
2024-06-28 01:37:30,893 - bake - publisher - DEBUG - Searching file
2024-06-28 01:37:30,893 - bake - publisher - DEBUG - File found
2024-06-28 01:37:30,893 - bake - publisher - DEBUG - Opening file
2024-06-28 01:37:30,893 - bake - publisher - DEBUG - File opened
2024-06-28 01:37:30,928 - alic - publisher - INFO - Script started
2024-06-28 01:37:30,928 - alic - publisher - DEBUG - Searching file
2024-06-28 01:37:30,928 - alic - publisher - DEBUG - File found
2024-06-28 01:37:30,928 - alic - publisher - DEBUG - Opening file
2024-06-28 01:37:30,928 - alic - publisher - DEBUG - File opened
2024-06-28 01:37:30,949 - algo - publisher - INFO - Script started
2024-06-28 01:37:30,949 - algo - publisher - DEBUG - Searching file
2024-06-28 01:37:30,949 - algo - publisher - DEBUG - File found
2024-06-28 01:37:30,949 - algo - publisher - DEBUG - Opening file
2024-06-28 01:37:30,949 - algo - publisher - DEBUG - File opened
2024-06-28 01:37:45,865 - antc - publisher - DEBUG - Connecting to broker sdb777f7.ala.dedicated.aws.emqxcloud.com
2024-06-28 01:37:46,181 - antc - publisher - DEBUG - Connected to broker
2024-06-28 01:37:46,181 - antc - publisher - INFO - Parsing started
2024-06-28 01:37:46,184 - antc - publisher - DEBUG - Parsing tec-records with time 23:57:00
2024-06-28 01:37:46,193 - antc - publisher - DEBUG - Publishing tec-records
2024-06-28 01:37:46,193 - antc - publisher - DEBUG - Message Published
2024-06-28 01:37:46,194 - antc - publisher - DEBUG - Waiting 30 seconds
2024-06-28 01:37:52,450 - albh - publisher - DEBUG - Connecting to broker sdb777f7.ala.dedicated.aws.emqxcloud.com
2024-06-28 01:37:52,674 - albh - publisher - DEBUG - Connected to broker
2024-06-28 01:37:52,674 - albh - publisher - INFO - Parsing started
2024-06-28 01:37:52,678 - albh - publisher - DEBUG - Parsing tec-records with time 23:57:00
2024-06-28 01:37:52,706 - albh - publisher - DEBUG - Publishing tec-records
2024-06-28 01:37:52,706 - albh - publisher - DEBUG - Message Published
2024-06-28 01:37:52,706 - albh - publisher - DEBUG - Waiting 30 seconds
2024-06-28 01:37:54,250 - algo - publisher - DEBUG - Connecting to broker sdb777f7.ala.dedicated.aws.emqxcloud.com
2024-06-28 01:37:54,462 - algo - publisher - DEBUG - Connected to broker
2024-06-28 01:37:54,462 - algo - publisher - INFO - Parsing started
2024-06-28 01:37:54,475 - algo - publisher - DEBUG - Parsing tec-records with time 23:57:00
2024-06-28 01:37:54,497 - algo - publisher - DEBUG - Publishing tec-records
2024-06-28 01:37:54,497 - algo - publisher - DEBUG - Message Published
2024-06-28 01:37:54,497 - algo - publisher - DEBUG - Waiting 30 seconds
2024-06-28 01:37:55,680 - badg - publisher - DEBUG - Connecting to broker sdb777f7.ala.dedicated.aws.emqxcloud.com
2024-06-28 01:37:55,897 - badg - publisher - DEBUG - Connected to broker
2024-06-28 01:37:55,897 - badg - publisher - INFO - Parsing started
2024-06-28 01:37:55,900 - badg - publisher - DEBUG - Parsing tec-records with time 23:57:00
2024-06-28 01:37:55,920 - badg - publisher - DEBUG - Publishing tec-records
2024-06-28 01:37:55,920 - badg - publisher - DEBUG - Message Published
2024-06-28 01:37:55,921 - badg - publisher - DEBUG - Waiting 30 seconds
2024-06-28 01:37:57,231 - bake - publisher - DEBUG - Connecting to broker sdb777f7.ala.dedicated.aws.emqxcloud.com
2024-06-28 01:37:57,437 - bake - publisher - DEBUG - Connected to broker
2024-06-28 01:37:57,437 - bake - publisher - INFO - Parsing started
2024-06-28 01:37:57,438 - bake - publisher - DEBUG - Parsing tec-records with time 23:57:00
2024-06-28 01:37:57,454 - bake - publisher - DEBUG - Publishing tec-records
2024-06-28 01:37:57,454 - bake - publisher - DEBUG - Message Published
2024-06-28 01:37:57,454 - bake - publisher - DEBUG - Waiting 30 seconds
2024-06-28 01:38:01,523 - areq - publisher - DEBUG - Connecting to broker sdb777f7.ala.dedicated.aws.emqxcloud.com
2024-06-28 01:38:01,748 - areq - publisher - DEBUG - Connected to broker
2024-06-28 01:38:01,748 - areq - publisher - INFO - Parsing started
2024-06-28 01:38:01,749 - areq - publisher - DEBUG - Parsing tec-records with time 23:57:00
2024-06-28 01:38:01,782 - areq - publisher - DEBUG - Publishing tec-records
2024-06-28 01:38:01,782 - areq - publisher - DEBUG - Message Published
2024-06-28 01:38:01,782 - areq - publisher - DEBUG - Waiting 30 seconds
2024-06-28 01:38:09,564 - ascg - publisher - DEBUG - Connecting to broker sdb777f7.ala.dedicated.aws.emqxcloud.com
2024-06-28 01:38:09,784 - ascg - publisher - DEBUG - Connected to broker
2024-06-28 01:38:09,785 - ascg - publisher - INFO - Parsing started
2024-06-28 01:38:09,796 - ascg - publisher - DEBUG - Parsing tec-records with time 23:57:00
2024-06-28 01:38:09,808 - ascg - publisher - DEBUG - Publishing tec-records
2024-06-28 01:38:09,809 - ascg - publisher - DEBUG - Message Published
2024-06-28 01:38:09,809 - ascg - publisher - DEBUG - Waiting 30 seconds
2024-06-28 01:38:12,225 - abpo - publisher - DEBUG - Connecting to broker sdb777f7.ala.dedicated.aws.emqxcloud.com
2024-06-28 01:38:12,426 - abpo - publisher - DEBUG - Connected to broker
2024-06-28 01:38:12,426 - abpo - publisher - INFO - Parsing started
2024-06-28 01:38:12,436 - abpo - publisher - DEBUG - Parsing tec-records with time 23:57:00
2024-06-28 01:38:12,467 - abpo - publisher - DEBUG - Publishing tec-records
2024-06-28 01:38:12,468 - abpo - publisher - DEBUG - Message Published
2024-06-28 01:38:12,471 - abpo - publisher - DEBUG - Waiting 30 seconds
2024-06-28 01:38:15,743 - areg - publisher - DEBUG - Connecting to broker sdb777f7.ala.dedicated.aws.emqxcloud.com
2024-06-28 01:38:15,955 - areg - publisher - DEBUG - Connected to broker
2024-06-28 01:38:15,955 - areg - publisher - INFO - Parsing started
2024-06-28 01:38:15,960 - areg - publisher - DEBUG - Parsing tec-records with time 23:57:00
2024-06-28 01:38:15,994 - areg - publisher - DEBUG - Publishing tec-records
2024-06-28 01:38:15,997 - areg - publisher - DEBUG - Message Published
2024-06-28 01:38:16,006 - areg - publisher - DEBUG - Waiting 30 seconds
2024-06-28 01:38:16,236 - antc - publisher - DEBUG - Parsing tec-records with time 23:57:30
2024-06-28 01:38:16,245 - antc - publisher - DEBUG - Publishing tec-records
2024-06-28 01:38:16,263 - antc - publisher - DEBUG - Message Published
2024-06-28 01:38:16,293 - antc - publisher - DEBUG - Waiting 30 seconds
2024-06-28 01:38:22,744 - albh - publisher - DEBUG - Parsing tec-records with time 23:57:30
2024-06-28 01:38:22,757 - albh - publisher - DEBUG - Publishing tec-records
2024-06-28 01:38:22,777 - albh - publisher - DEBUG - Message Published
2024-06-28 01:38:22,777 - albh - publisher - DEBUG - Waiting 30 seconds
2024-06-28 01:38:24,508 - algo - publisher - DEBUG - Parsing tec-records with time 23:57:30
2024-06-28 01:38:24,538 - algo - publisher - DEBUG - Publishing tec-records
2024-06-28 01:38:24,565 - algo - publisher - DEBUG - Message Published
2024-06-28 01:38:24,566 - algo - publisher - DEBUG - Waiting 30 seconds
2024-06-28 01:38:25,927 - badg - publisher - DEBUG - Parsing tec-records with time 23:57:30
2024-06-28 01:38:25,945 - badg - publisher - DEBUG - Publishing tec-records
2024-06-28 01:38:25,946 - badg - publisher - DEBUG - Message Published
2024-06-28 01:38:25,947 - badg - publisher - DEBUG - Waiting 30 seconds
2024-06-28 01:38:27,444 - bake - publisher - DEBUG - Parsing tec-records with time 23:57:30
2024-06-28 01:38:27,482 - bake - publisher - DEBUG - Publishing tec-records
2024-06-28 01:38:27,482 - bake - publisher - DEBUG - Message Published
2024-06-28 01:38:27,482 - bake - publisher - DEBUG - Waiting 30 seconds
2024-06-28 01:38:31,783 - areq - publisher - DEBUG - Parsing tec-records with time 23:57:30
2024-06-28 01:38:31,828 - areq - publisher - DEBUG - Publishing tec-records
2024-06-28 01:38:31,828 - areq - publisher - DEBUG - Message Published
2024-06-28 01:38:31,828 - areq - publisher - DEBUG - Waiting 30 seconds
2024-06-28 01:38:32,157 - alic - publisher - DEBUG - Connecting to broker sdb777f7.ala.dedicated.aws.emqxcloud.com
2024-06-28 01:38:32,374 - alic - publisher - DEBUG - Connected to broker
2024-06-28 01:38:32,374 - alic - publisher - INFO - Parsing started
2024-06-28 01:38:32,381 - alic - publisher - DEBUG - Parsing tec-records with time 23:57:00
2024-06-28 01:38:32,427 - alic - publisher - DEBUG - Publishing tec-records
2024-06-28 01:38:32,431 - alic - publisher - DEBUG - Message Published
2024-06-28 01:38:32,431 - alic - publisher - DEBUG - Waiting 30 seconds
2024-06-28 01:38:39,823 - ascg - publisher - DEBUG - Parsing tec-records with time 23:57:30
2024-06-28 01:38:39,864 - ascg - publisher - DEBUG - Publishing tec-records
2024-06-28 01:38:39,895 - ascg - publisher - DEBUG - Message Published
2024-06-28 01:38:39,895 - ascg - publisher - DEBUG - Waiting 30 seconds
2024-06-28 01:38:42,479 - abpo - publisher - DEBUG - Parsing tec-records with time 23:57:30
2024-06-28 01:38:42,540 - abpo - publisher - DEBUG - Publishing tec-records
2024-06-28 01:38:42,566 - abpo - publisher - DEBUG - Message Published
2024-06-28 01:38:42,566 - abpo - publisher - DEBUG - Waiting 30 seconds
2024-06-28 01:38:45,980 - areg - publisher - DEBUG - Parsing tec-records with time 23:57:30
2024-06-28 01:38:46,020 - areg - publisher - DEBUG - Publishing tec-records
2024-06-28 01:38:46,039 - areg - publisher - DEBUG - Message Published
2024-06-28 01:38:46,039 - areg - publisher - DEBUG - Waiting 30 seconds
2024-06-28 01:38:46,257 - antc - publisher - DEBUG - Parsing tec-records with time 23:58:00
2024-06-28 01:38:46,270 - antc - publisher - DEBUG - Publishing tec-records
2024-06-28 01:38:46,294 - antc - publisher - DEBUG - Message Published
2024-06-28 01:38:46,294 - antc - publisher - DEBUG - Waiting 30 seconds
2024-06-28 01:38:52,739 - albh - publisher - DEBUG - Parsing tec-records with time 23:58:00
2024-06-28 01:38:52,747 - albh - publisher - DEBUG - Publishing tec-records
2024-06-28 01:38:52,747 - albh - publisher - DEBUG - Message Published
2024-06-28 01:38:52,747 - albh - publisher - DEBUG - Waiting 30 seconds
2024-06-28 01:38:54,543 - algo - publisher - DEBUG - Parsing tec-records with time 23:58:00
2024-06-28 01:38:54,576 - algo - publisher - DEBUG - Publishing tec-records
2024-06-28 01:38:54,600 - algo - publisher - DEBUG - Message Published
2024-06-28 01:38:54,600 - algo - publisher - DEBUG - Waiting 30 seconds
2024-06-28 01:38:55,950 - badg - publisher - DEBUG - Parsing tec-records with time 23:58:00
2024-06-28 01:38:55,995 - badg - publisher - DEBUG - Publishing tec-records
2024-06-28 01:38:56,022 - badg - publisher - DEBUG - Message Published
2024-06-28 01:38:56,022 - badg - publisher - DEBUG - Waiting 30 seconds
2024-06-28 01:38:57,472 - bake - publisher - DEBUG - Parsing tec-records with time 23:58:00
2024-06-28 01:38:57,480 - bake - publisher - DEBUG - Publishing tec-records
2024-06-28 01:38:57,490 - bake - publisher - DEBUG - Message Published
2024-06-28 01:38:57,502 - bake - publisher - DEBUG - Waiting 30 seconds
2024-06-28 01:39:01,823 - areq - publisher - DEBUG - Parsing tec-records with time 23:58:00
2024-06-28 01:39:01,866 - areq - publisher - DEBUG - Publishing tec-records
2024-06-28 01:39:01,907 - areq - publisher - DEBUG - Message Published
2024-06-28 01:39:01,919 - areq - publisher - DEBUG - Waiting 30 seconds
2024-06-28 01:39:02,425 - alic - publisher - DEBUG - Parsing tec-records with time 23:57:30
2024-06-28 01:39:02,508 - alic - publisher - DEBUG - Publishing tec-records
2024-06-28 01:39:02,520 - alic - publisher - DEBUG - Message Published
2024-06-28 01:39:02,520 - alic - publisher - DEBUG - Waiting 30 seconds
2024-06-28 01:39:09,837 - ascg - publisher - DEBUG - Parsing tec-records with time 23:58:00
2024-06-28 01:39:09,878 - ascg - publisher - DEBUG - Publishing tec-records
2024-06-28 01:39:09,878 - ascg - publisher - DEBUG - Message Published
2024-06-28 01:39:09,878 - ascg - publisher - DEBUG - Waiting 30 seconds
2024-06-28 01:39:12,481 - abpo - publisher - DEBUG - Parsing tec-records with time 23:58:00
2024-06-28 01:39:12,506 - abpo - publisher - DEBUG - Publishing tec-records
2024-06-28 01:39:12,517 - abpo - publisher - DEBUG - Message Published
2024-06-28 01:39:12,518 - abpo - publisher - DEBUG - Waiting 30 seconds
2024-06-28 01:39:15,991 - areg - publisher - DEBUG - Parsing tec-records with time 23:58:00
2024-06-28 01:39:16,059 - areg - publisher - DEBUG - Publishing tec-records
2024-06-28 01:39:16,060 - areg - publisher - DEBUG - Message Published
2024-06-28 01:39:16,080 - areg - publisher - DEBUG - Waiting 30 seconds
2024-06-28 01:39:16,313 - antc - publisher - DEBUG - Parsing tec-records with time 23:58:30
2024-06-28 01:39:16,325 - antc - publisher - DEBUG - Publishing tec-records
2024-06-28 01:39:16,326 - antc - publisher - DEBUG - Message Published
2024-06-28 01:39:16,326 - antc - publisher - DEBUG - Waiting 30 seconds
2024-06-28 01:39:22,739 - albh - publisher - DEBUG - Parsing tec-records with time 23:58:30
2024-06-28 01:39:22,776 - albh - publisher - DEBUG - Publishing tec-records
2024-06-28 01:39:22,776 - albh - publisher - DEBUG - Message Published
2024-06-28 01:39:22,780 - albh - publisher - DEBUG - Waiting 30 seconds
2024-06-28 01:39:24,545 - algo - publisher - DEBUG - Parsing tec-records with time 23:58:30
2024-06-28 01:39:24,572 - algo - publisher - DEBUG - Publishing tec-records
2024-06-28 01:39:24,589 - algo - publisher - DEBUG - Message Published
2024-06-28 01:39:24,595 - algo - publisher - DEBUG - Waiting 30 seconds
2024-06-28 01:39:25,978 - badg - publisher - DEBUG - Parsing tec-records with time 23:58:30
2024-06-28 01:39:25,998 - badg - publisher - DEBUG - Publishing tec-records
2024-06-28 01:39:25,999 - badg - publisher - DEBUG - Message Published
2024-06-28 01:39:26,015 - badg - publisher - DEBUG - Waiting 30 seconds
2024-06-28 01:39:27,480 - bake - publisher - DEBUG - Parsing tec-records with time 23:58:30
2024-06-28 01:39:27,517 - bake - publisher - DEBUG - Publishing tec-records
2024-06-28 01:39:27,517 - bake - publisher - DEBUG - Message Published
2024-06-28 01:39:27,518 - bake - publisher - DEBUG - Waiting 30 seconds
2024-06-28 01:39:31,837 - areq - publisher - DEBUG - Parsing tec-records with time 23:58:30
2024-06-28 01:39:31,903 - areq - publisher - DEBUG - Publishing tec-records
2024-06-28 01:39:31,904 - areq - publisher - DEBUG - Message Published
2024-06-28 01:39:31,904 - areq - publisher - DEBUG - Waiting 30 seconds
2024-06-28 01:39:32,458 - alic - publisher - DEBUG - Parsing tec-records with time 23:58:00
2024-06-28 01:39:32,536 - alic - publisher - DEBUG - Publishing tec-records
2024-06-28 01:39:32,537 - alic - publisher - DEBUG - Message Published
2024-06-28 01:39:32,548 - alic - publisher - DEBUG - Waiting 30 seconds
2024-06-28 01:39:39,849 - ascg - publisher - DEBUG - Parsing tec-records with time 23:58:30
2024-06-28 01:39:39,869 - ascg - publisher - DEBUG - Publishing tec-records
2024-06-28 01:39:39,883 - ascg - publisher - DEBUG - Message Published
2024-06-28 01:39:39,886 - ascg - publisher - DEBUG - Waiting 30 seconds
2024-06-28 01:39:42,503 - abpo - publisher - DEBUG - Parsing tec-records with time 23:58:30
2024-06-28 01:39:42,549 - abpo - publisher - DEBUG - Publishing tec-records
2024-06-28 01:39:42,550 - abpo - publisher - DEBUG - Message Published
2024-06-28 01:39:42,550 - abpo - publisher - DEBUG - Waiting 30 seconds
2024-06-28 01:39:46,022 - areg - publisher - DEBUG - Parsing tec-records with time 23:58:30
2024-06-28 01:39:46,062 - areg - publisher - DEBUG - Publishing tec-records
2024-06-28 01:39:46,078 - areg - publisher - DEBUG - Message Published
2024-06-28 01:39:46,078 - areg - publisher - DEBUG - Waiting 30 seconds
2024-06-28 01:39:46,299 - antc - publisher - DEBUG - Parsing tec-records with time 23:59:00
2024-06-28 01:39:46,316 - antc - publisher - DEBUG - Publishing tec-records
2024-06-28 01:39:46,347 - antc - publisher - DEBUG - Message Published
2024-06-28 01:39:46,347 - antc - publisher - DEBUG - Waiting 30 seconds
2024-06-28 01:39:51,850 - fastapi - stopscript - INFO - User stops script
2024-06-28 01:39:51,850 - fastapi - stopscript - INFO - User stops script
2024-06-28 01:39:51,850 - fastapi - stopscript - INFO - User stops script
2024-06-28 01:39:51,850 - fastapi - stopscript - INFO - User stops script
2024-06-28 01:39:51,850 - fastapi - stopscript - INFO - User stops script
2024-06-28 01:39:51,850 - fastapi - stopscript - INFO - User stops script
2024-06-28 01:39:51,850 - fastapi - stopscript - INFO - User stops script
2024-06-28 01:39:51,850 - fastapi - stopscript - INFO - User stops script
2024-06-28 01:39:51,850 - fastapi - stopscript - INFO - User stops script
2024-06-28 01:39:51,850 - fastapi - stopscript - INFO - User stops script
2024-06-28 01:39:52,016 - fastapi - stopscript - DEBUG - Script stopped
2024-06-28 01:39:52,016 - fastapi - stopscript - DEBUG - Script stopped
2024-06-28 01:39:52,016 - fastapi - stopscript - DEBUG - Script stopped
2024-06-28 01:39:52,016 - fastapi - stopscript - DEBUG - Script stopped
2024-06-28 01:39:52,016 - fastapi - stopscript - DEBUG - Script stopped
2024-06-28 01:39:52,016 - fastapi - stopscript - DEBUG - Script stopped
2024-06-28 01:39:52,016 - fastapi - stopscript - DEBUG - Script stopped
2024-06-28 01:39:52,016 - fastapi - stopscript - DEBUG - Script stopped
2024-06-28 01:39:52,016 - fastapi - stopscript - DEBUG - Script stopped
2024-06-28 01:39:52,016 - fastapi - stopscript - DEBUG - Script stopped
2024-06-28 01:39:52,782 - albh - publisher - DEBUG - Parsing tec-records with time 23:59:00
2024-06-28 01:39:52,820 - albh - publisher - DEBUG - Publishing tec-records
2024-06-28 01:39:52,828 - albh - publisher - DEBUG - Message Published
2024-06-28 01:39:52,828 - albh - publisher - DEBUG - Waiting 30 seconds
2024-06-28 01:39:54,561 - algo - publisher - DEBUG - Parsing tec-records with time 23:59:00
2024-06-28 01:39:54,598 - algo - publisher - DEBUG - Publishing tec-records
2024-06-28 01:39:54,599 - algo - publisher - DEBUG - Message Published
2024-06-28 01:39:54,599 - algo - publisher - DEBUG - Waiting 30 seconds
2024-06-28 01:39:55,994 - badg - publisher - DEBUG - Parsing tec-records with time 23:59:00
2024-06-28 01:39:56,017 - badg - publisher - DEBUG - Publishing tec-records
2024-06-28 01:39:56,063 - badg - publisher - DEBUG - Message Published
2024-06-28 01:39:56,063 - badg - publisher - DEBUG - Waiting 30 seconds
2024-06-28 01:39:57,489 - bake - publisher - DEBUG - Parsing tec-records with time 23:59:00
2024-06-28 01:39:57,529 - bake - publisher - DEBUG - Publishing tec-records
2024-06-28 01:39:57,530 - bake - publisher - DEBUG - Message Published
2024-06-28 01:39:57,530 - bake - publisher - DEBUG - Waiting 30 seconds
2024-06-28 01:40:01,876 - areq - publisher - DEBUG - Parsing tec-records with time 23:59:00
2024-06-28 01:40:01,924 - areq - publisher - DEBUG - Publishing tec-records
2024-06-28 01:40:01,925 - areq - publisher - DEBUG - Message Published
2024-06-28 01:40:01,925 - areq - publisher - DEBUG - Waiting 30 seconds
2024-06-28 01:40:02,510 - alic - publisher - DEBUG - Parsing tec-records with time 23:58:30
2024-06-28 01:40:02,628 - alic - publisher - DEBUG - Publishing tec-records
2024-06-28 01:40:02,636 - alic - publisher - DEBUG - Message Published
2024-06-28 01:40:02,636 - alic - publisher - DEBUG - Waiting 30 seconds
2024-06-28 01:40:09,882 - ascg - publisher - DEBUG - Parsing tec-records with time 23:59:00
2024-06-28 01:40:09,947 - ascg - publisher - DEBUG - Publishing tec-records
2024-06-28 01:40:09,995 - ascg - publisher - DEBUG - Message Published
2024-06-28 01:40:10,020 - ascg - publisher - DEBUG - Waiting 30 seconds
2024-06-28 01:40:12,527 - abpo - publisher - DEBUG - Parsing tec-records with time 23:59:00
2024-06-28 01:40:12,553 - abpo - publisher - DEBUG - Publishing tec-records
2024-06-28 01:40:12,553 - abpo - publisher - DEBUG - Message Published
2024-06-28 01:40:12,553 - abpo - publisher - DEBUG - Waiting 30 seconds
2024-06-28 01:40:16,033 - areg - publisher - DEBUG - Parsing tec-records with time 23:59:00
2024-06-28 01:40:16,058 - areg - publisher - DEBUG - Publishing tec-records
2024-06-28 01:40:16,073 - areg - publisher - DEBUG - Message Published
2024-06-28 01:40:16,076 - areg - publisher - DEBUG - Waiting 30 seconds
2024-06-28 01:40:16,303 - antc - publisher - DEBUG - Parsing tec-records with time 23:59:30
2024-06-28 01:40:16,318 - antc - publisher - DEBUG - Switched date to 2024-03-31
2024-06-28 01:40:16,321 - antc - publisher - DEBUG - Searching file
2024-06-28 01:40:16,321 - antc - publisher - DEBUG - Folder not found
2024-06-28 01:40:22,786 - albh - publisher - DEBUG - Parsing tec-records with time 23:59:30
2024-06-28 01:40:22,822 - albh - publisher - DEBUG - Switched date to 2024-03-31
2024-06-28 01:40:22,822 - albh - publisher - DEBUG - Searching file
2024-06-28 01:40:22,822 - albh - publisher - DEBUG - Folder not found
2024-06-28 01:40:24,605 - algo - publisher - DEBUG - Parsing tec-records with time 23:59:30
2024-06-28 01:40:24,647 - algo - publisher - DEBUG - Switched date to 2024-03-31
2024-06-28 01:40:24,648 - algo - publisher - DEBUG - Searching file
2024-06-28 01:40:24,648 - algo - publisher - DEBUG - Folder not found
2024-06-28 01:40:26,026 - badg - publisher - DEBUG - Parsing tec-records with time 23:59:30
2024-06-28 01:40:26,107 - badg - publisher - DEBUG - Switched date to 2024-03-31
2024-06-28 01:40:26,108 - badg - publisher - DEBUG - Searching file
2024-06-28 01:40:26,108 - badg - publisher - DEBUG - Folder not found
2024-06-28 01:40:27,495 - bake - publisher - DEBUG - Parsing tec-records with time 23:59:30
2024-06-28 01:40:27,532 - bake - publisher - DEBUG - Switched date to 2024-03-31
2024-06-28 01:40:27,533 - bake - publisher - DEBUG - Searching file
2024-06-28 01:40:27,536 - bake - publisher - DEBUG - Folder not found
2024-06-28 01:40:31,882 - areq - publisher - DEBUG - Parsing tec-records with time 23:59:30
2024-06-28 01:40:31,900 - areq - publisher - DEBUG - Switched date to 2024-03-31
2024-06-28 01:40:31,900 - areq - publisher - DEBUG - Searching file
2024-06-28 01:40:31,901 - areq - publisher - DEBUG - Folder not found
2024-06-28 01:40:32,508 - alic - publisher - DEBUG - Parsing tec-records with time 23:59:00
2024-06-28 01:40:32,540 - alic - publisher - DEBUG - Publishing tec-records
2024-06-28 01:40:32,548 - alic - publisher - DEBUG - Message Published
2024-06-28 01:40:32,548 - alic - publisher - DEBUG - Waiting 30 seconds
2024-06-28 01:40:39,905 - ascg - publisher - DEBUG - Parsing tec-records with time 23:59:30
2024-06-28 01:40:39,926 - ascg - publisher - DEBUG - Switched date to 2024-03-31
2024-06-28 01:40:39,926 - ascg - publisher - DEBUG - Searching file
2024-06-28 01:40:39,926 - ascg - publisher - DEBUG - Folder not found
2024-06-28 01:40:42,539 - abpo - publisher - DEBUG - Parsing tec-records with time 23:59:30
2024-06-28 01:40:42,575 - abpo - publisher - DEBUG - Switched date to 2024-03-31
2024-06-28 01:40:42,575 - abpo - publisher - DEBUG - Searching file
2024-06-28 01:40:42,575 - abpo - publisher - DEBUG - Folder not found
2024-06-28 01:42:24,736 - fastapi - launchscript - INFO - User launched scripts
2024-06-28 01:42:24,756 - fastapi - launchscript - DEBUG - Scripts started
2024-06-28 01:42:24,908 - mainscript - INFO - Starting docker containers
2024-06-28 01:42:24,908 - dockerloader - INFO - Building docker compose
2024-06-28 01:42:26,237 - dockerloader - INFO - Starting docker compose
2024-06-28 01:42:30,017 - albh - publisher - INFO - Script started
2024-06-28 01:42:30,017 - areg - publisher - INFO - Script started
2024-06-28 01:42:30,017 - albh - publisher - DEBUG - Searching file
2024-06-28 01:42:30,017 - areg - publisher - DEBUG - Searching file
2024-06-28 01:42:30,017 - albh - publisher - DEBUG - File found
2024-06-28 01:42:30,017 - areg - publisher - DEBUG - File found
2024-06-28 01:42:30,017 - albh - publisher - DEBUG - Opening file
2024-06-28 01:42:30,017 - areg - publisher - DEBUG - Opening file
2024-06-28 01:42:30,017 - albh - publisher - DEBUG - File opened
2024-06-28 01:42:30,017 - areg - publisher - DEBUG - File opened
2024-06-28 01:42:30,184 - abpo - publisher - INFO - Script started
2024-06-28 01:42:30,184 - abpo - publisher - DEBUG - Searching file
2024-06-28 01:42:30,184 - abpo - publisher - DEBUG - File found
2024-06-28 01:42:30,184 - abpo - publisher - DEBUG - Opening file
2024-06-28 01:42:30,184 - abpo - publisher - DEBUG - File opened
2024-06-28 01:42:30,185 - algo - publisher - INFO - Script started
2024-06-28 01:42:30,186 - algo - publisher - DEBUG - Searching file
2024-06-28 01:42:30,186 - algo - publisher - DEBUG - File found
2024-06-28 01:42:30,186 - algo - publisher - DEBUG - Opening file
2024-06-28 01:42:30,187 - algo - publisher - DEBUG - File opened
2024-06-28 01:42:30,211 - areq - publisher - INFO - Script started
2024-06-28 01:42:30,211 - areq - publisher - DEBUG - Searching file
2024-06-28 01:42:30,211 - areq - publisher - DEBUG - File found
2024-06-28 01:42:30,211 - areq - publisher - DEBUG - Opening file
2024-06-28 01:42:30,211 - areq - publisher - DEBUG - File opened
2024-06-28 01:42:30,305 - alic - publisher - INFO - Script started
2024-06-28 01:42:30,305 - alic - publisher - DEBUG - Searching file
2024-06-28 01:42:30,305 - alic - publisher - DEBUG - File found
2024-06-28 01:42:30,305 - alic - publisher - DEBUG - Opening file
2024-06-28 01:42:30,305 - alic - publisher - DEBUG - File opened
2024-06-28 01:42:30,309 - bake - publisher - INFO - Script started
2024-06-28 01:42:30,309 - bake - publisher - DEBUG - Searching file
2024-06-28 01:42:30,309 - bake - publisher - DEBUG - File found
2024-06-28 01:42:30,309 - bake - publisher - DEBUG - Opening file
2024-06-28 01:42:30,309 - bake - publisher - DEBUG - File opened
2024-06-28 01:42:30,623 - ascg - publisher - INFO - Script started
2024-06-28 01:42:30,623 - ascg - publisher - DEBUG - Searching file
2024-06-28 01:42:30,623 - ascg - publisher - DEBUG - File found
2024-06-28 01:42:30,623 - ascg - publisher - DEBUG - Opening file
2024-06-28 01:42:30,623 - ascg - publisher - DEBUG - File opened
2024-06-28 01:42:30,625 - antc - publisher - INFO - Script started
2024-06-28 01:42:30,625 - antc - publisher - DEBUG - Searching file
2024-06-28 01:42:30,625 - antc - publisher - DEBUG - File found
2024-06-28 01:42:30,625 - antc - publisher - DEBUG - Opening file
2024-06-28 01:42:30,625 - antc - publisher - DEBUG - File opened
2024-06-28 01:42:30,947 - badg - publisher - INFO - Script started
2024-06-28 01:42:30,947 - badg - publisher - DEBUG - Searching file
2024-06-28 01:42:30,947 - badg - publisher - DEBUG - File found
2024-06-28 01:42:30,947 - badg - publisher - DEBUG - Opening file
2024-06-28 01:42:30,947 - badg - publisher - DEBUG - File opened
2024-06-28 01:42:36,872 - fastapi - stopscript - INFO - User stops script
2024-06-28 01:42:36,872 - fastapi - stopscript - INFO - User stops script
2024-06-28 01:42:46,956 - antc - publisher - DEBUG - Connecting to broker sdb777f7.ala.dedicated.aws.emqxcloud.com
2024-06-28 01:42:47,169 - antc - publisher - DEBUG - Connected to broker
2024-06-28 01:42:47,169 - antc - publisher - INFO - Parsing started
2024-06-28 01:42:47,180 - antc - publisher - DEBUG - Parsing tec-records with time 23:57:00
2024-06-28 01:42:47,189 - antc - publisher - DEBUG - Publishing tec-records
2024-06-28 01:42:47,189 - antc - publisher - DEBUG - Message Published
2024-06-28 01:42:47,189 - antc - publisher - DEBUG - Waiting 30 seconds
2024-06-28 01:42:48,903 - fastapi - stopscript - DEBUG - Script stopped
2024-06-28 01:42:48,903 - fastapi - stopscript - DEBUG - Script stopped
2024-06-28 01:43:44,043 - fastapi - launchscript - INFO - User launched scripts
2024-06-28 01:43:44,064 - fastapi - launchscript - DEBUG - Scripts started
2024-06-28 01:43:44,221 - mainscript - INFO - Starting docker containers
2024-06-28 01:43:44,222 - dockerloader - INFO - Building docker compose
2024-06-28 01:43:44,948 - dockerloader - INFO - Starting docker compose
2024-06-28 01:44:00,024 - areq - publisher - INFO - Script started
2024-06-28 01:44:00,024 - areq - publisher - DEBUG - Searching file
2024-06-28 01:44:00,037 - areq - publisher - DEBUG - File found
2024-06-28 01:44:00,038 - areq - publisher - DEBUG - Opening file
2024-06-28 01:44:00,038 - areq - publisher - DEBUG - File opened
2024-06-28 01:44:00,110 - albh - publisher - INFO - Script started
2024-06-28 01:44:00,110 - albh - publisher - DEBUG - Searching file
2024-06-28 01:44:00,110 - albh - publisher - DEBUG - File found
2024-06-28 01:44:00,110 - albh - publisher - DEBUG - Opening file
2024-06-28 01:44:00,111 - albh - publisher - DEBUG - File opened
2024-06-28 01:44:00,252 - bake - publisher - INFO - Script started
2024-06-28 01:44:00,252 - bake - publisher - DEBUG - Searching file
2024-06-28 01:44:00,252 - bake - publisher - DEBUG - File found
2024-06-28 01:44:00,252 - bake - publisher - DEBUG - Opening file
2024-06-28 01:44:00,252 - bake - publisher - DEBUG - File opened
2024-06-28 01:44:00,271 - algo - publisher - INFO - Script started
2024-06-28 01:44:00,271 - algo - publisher - DEBUG - Searching file
2024-06-28 01:44:00,271 - algo - publisher - DEBUG - File found
2024-06-28 01:44:00,271 - algo - publisher - DEBUG - Opening file
2024-06-28 01:44:00,271 - algo - publisher - DEBUG - File opened
2024-06-28 01:44:00,336 - badg - publisher - INFO - Script started
2024-06-28 01:44:00,336 - badg - publisher - DEBUG - Searching file
2024-06-28 01:44:00,336 - badg - publisher - DEBUG - File found
2024-06-28 01:44:00,336 - badg - publisher - DEBUG - Opening file
2024-06-28 01:44:00,336 - badg - publisher - DEBUG - File opened
2024-06-28 01:44:00,602 - antc - publisher - INFO - Script started
2024-06-28 01:44:00,602 - antc - publisher - DEBUG - Searching file
2024-06-28 01:44:00,602 - antc - publisher - DEBUG - File found
2024-06-28 01:44:00,602 - antc - publisher - DEBUG - Opening file
2024-06-28 01:44:00,602 - antc - publisher - DEBUG - File opened
2024-06-28 01:44:00,647 - areg - publisher - INFO - Script started
2024-06-28 01:44:00,650 - areg - publisher - DEBUG - Searching file
2024-06-28 01:44:00,650 - areg - publisher - DEBUG - File found
2024-06-28 01:44:00,650 - areg - publisher - DEBUG - Opening file
2024-06-28 01:44:00,650 - areg - publisher - DEBUG - File opened
2024-06-28 01:44:00,920 - abpo - publisher - INFO - Script started
2024-06-28 01:44:00,920 - abpo - publisher - DEBUG - Searching file
2024-06-28 01:44:00,920 - abpo - publisher - DEBUG - File found
2024-06-28 01:44:00,920 - abpo - publisher - DEBUG - Opening file
2024-06-28 01:44:00,920 - abpo - publisher - DEBUG - File opened
2024-06-28 01:44:00,986 - alic - publisher - INFO - Script started
2024-06-28 01:44:00,986 - alic - publisher - DEBUG - Searching file
2024-06-28 01:44:00,986 - alic - publisher - DEBUG - File found
2024-06-28 01:44:00,986 - alic - publisher - DEBUG - Opening file
2024-06-28 01:44:00,986 - alic - publisher - DEBUG - File opened
2024-06-28 01:44:01,017 - ascg - publisher - INFO - Script started
2024-06-28 01:44:01,017 - ascg - publisher - DEBUG - Searching file
2024-06-28 01:44:01,017 - ascg - publisher - DEBUG - File found
2024-06-28 01:44:01,017 - ascg - publisher - DEBUG - Opening file
2024-06-28 01:44:01,017 - ascg - publisher - DEBUG - File opened
2024-06-28 01:44:16,713 - antc - publisher - DEBUG - Connecting to broker sdb777f7.ala.dedicated.aws.emqxcloud.com
2024-06-28 01:44:16,935 - antc - publisher - DEBUG - Connected to broker
2024-06-28 01:44:16,935 - antc - publisher - INFO - Parsing started
2024-06-28 01:44:16,936 - antc - publisher - DEBUG - Parsing tec-records with time 23:57:00
2024-06-28 01:44:16,951 - antc - publisher - DEBUG - Publishing tec-records
2024-06-28 01:44:16,951 - antc - publisher - DEBUG - Message Published
2024-06-28 01:44:16,951 - antc - publisher - DEBUG - Waiting 30 seconds
2024-06-28 01:44:17,031 - fastapi - stopscript - INFO - User stops script
2024-06-28 01:44:17,031 - fastapi - stopscript - INFO - User stops script
2024-06-28 01:44:22,779 - albh - publisher - DEBUG - Connecting to broker sdb777f7.ala.dedicated.aws.emqxcloud.com
2024-06-28 01:44:22,819 - algo - publisher - DEBUG - Connecting to broker sdb777f7.ala.dedicated.aws.emqxcloud.com
2024-06-28 01:44:22,987 - albh - publisher - DEBUG - Connected to broker
2024-06-28 01:44:22,987 - albh - publisher - INFO - Parsing started
2024-06-28 01:44:22,994 - albh - publisher - DEBUG - Parsing tec-records with time 23:57:00
2024-06-28 01:44:23,010 - albh - publisher - DEBUG - Publishing tec-records
2024-06-28 01:44:23,010 - albh - publisher - DEBUG - Message Published
2024-06-28 01:44:23,010 - albh - publisher - DEBUG - Waiting 30 seconds
2024-06-28 01:44:23,030 - algo - publisher - DEBUG - Connected to broker
2024-06-28 01:44:23,033 - algo - publisher - INFO - Parsing started
2024-06-28 01:44:23,033 - algo - publisher - DEBUG - Parsing tec-records with time 23:57:00
2024-06-28 01:44:23,040 - algo - publisher - DEBUG - Publishing tec-records
2024-06-28 01:44:23,047 - algo - publisher - DEBUG - Message Published
2024-06-28 01:44:23,047 - algo - publisher - DEBUG - Waiting 30 seconds
2024-06-28 01:44:24,730 - badg - publisher - DEBUG - Connecting to broker sdb777f7.ala.dedicated.aws.emqxcloud.com
2024-06-28 01:44:24,941 - badg - publisher - DEBUG - Connected to broker
2024-06-28 01:44:24,941 - badg - publisher - INFO - Parsing started
2024-06-28 01:44:24,942 - badg - publisher - DEBUG - Parsing tec-records with time 23:57:00
2024-06-28 01:44:24,958 - badg - publisher - DEBUG - Publishing tec-records
2024-06-28 01:44:24,958 - badg - publisher - DEBUG - Message Published
2024-06-28 01:44:24,959 - badg - publisher - DEBUG - Waiting 30 seconds
2024-06-28 01:44:26,622 - bake - publisher - DEBUG - Connecting to broker sdb777f7.ala.dedicated.aws.emqxcloud.com
2024-06-28 01:44:26,826 - bake - publisher - DEBUG - Connected to broker
2024-06-28 01:44:26,827 - bake - publisher - INFO - Parsing started
2024-06-28 01:44:26,841 - bake - publisher - DEBUG - Parsing tec-records with time 23:57:00
2024-06-28 01:44:26,866 - bake - publisher - DEBUG - Publishing tec-records
2024-06-28 01:44:26,866 - bake - publisher - DEBUG - Message Published
2024-06-28 01:44:26,867 - bake - publisher - DEBUG - Waiting 30 seconds
2024-06-28 01:44:28,893 - fastapi - stopscript - DEBUG - Script stopped
2024-06-28 01:44:28,893 - fastapi - stopscript - DEBUG - Script stopped
2024-06-28 01:44:43,568 - fastapi - launchscript - INFO - User launched scripts
2024-06-28 01:44:43,587 - fastapi - launchscript - DEBUG - Scripts started
2024-06-28 01:44:43,739 - mainscript - INFO - Starting docker containers
2024-06-28 01:44:43,739 - dockerloader - INFO - Building docker compose
2024-06-28 01:45:21,292 - dockerloader - INFO - Starting docker compose
2024-06-28 01:45:23,073 - algo - publisher - INFO - Script started
2024-06-28 01:45:23,074 - algo - publisher - DEBUG - Searching file
2024-06-28 01:45:23,074 - algo - publisher - DEBUG - File found
2024-06-28 01:45:23,074 - algo - publisher - DEBUG - Opening file
2024-06-28 01:45:23,074 - algo - publisher - DEBUG - File opened
2024-06-28 01:45:23,197 - alic - publisher - INFO - Script started
2024-06-28 01:45:23,197 - alic - publisher - DEBUG - Searching file
2024-06-28 01:45:23,197 - alic - publisher - DEBUG - File found
2024-06-28 01:45:23,198 - alic - publisher - DEBUG - Opening file
2024-06-28 01:45:23,198 - alic - publisher - DEBUG - File opened
2024-06-28 01:45:23,357 - ascg - publisher - INFO - Script started
2024-06-28 01:45:23,358 - ascg - publisher - DEBUG - Searching file
2024-06-28 01:45:23,358 - ascg - publisher - DEBUG - File found
2024-06-28 01:45:23,358 - ascg - publisher - DEBUG - Opening file
2024-06-28 01:45:23,358 - ascg - publisher - DEBUG - File opened
2024-06-28 01:45:23,798 - bake - publisher - INFO - Script started
2024-06-28 01:45:23,798 - bake - publisher - DEBUG - Searching file
2024-06-28 01:45:23,798 - bake - publisher - DEBUG - File found
2024-06-28 01:45:23,798 - bake - publisher - DEBUG - Opening file
2024-06-28 01:45:23,798 - bake - publisher - DEBUG - File opened
2024-06-28 01:45:23,878 - abpo - publisher - INFO - Script started
2024-06-28 01:45:23,878 - abpo - publisher - DEBUG - Searching file
2024-06-28 01:45:23,878 - abpo - publisher - DEBUG - File found
2024-06-28 01:45:23,879 - abpo - publisher - DEBUG - Opening file
2024-06-28 01:45:23,879 - abpo - publisher - DEBUG - File opened
2024-06-28 01:45:23,941 - areg - publisher - INFO - Script started
2024-06-28 01:45:23,942 - areg - publisher - DEBUG - Searching file
2024-06-28 01:45:23,942 - areg - publisher - DEBUG - File found
2024-06-28 01:45:23,942 - areg - publisher - DEBUG - Opening file
2024-06-28 01:45:23,942 - areg - publisher - DEBUG - File opened
2024-06-28 01:45:24,391 - algo - publisher - DEBUG - Connecting to broker sdb777f7.ala.dedicated.aws.emqxcloud.com
2024-06-28 01:45:24,403 - albh - publisher - INFO - Script started
2024-06-28 01:45:24,409 - albh - publisher - DEBUG - Searching file
2024-06-28 01:45:24,409 - albh - publisher - DEBUG - File found
2024-06-28 01:45:24,409 - albh - publisher - DEBUG - Opening file
2024-06-28 01:45:24,409 - albh - publisher - DEBUG - File opened
2024-06-28 01:45:24,600 - algo - publisher - DEBUG - Connected to broker
2024-06-28 01:45:24,680 - bake - publisher - DEBUG - Connecting to broker sdb777f7.ala.dedicated.aws.emqxcloud.com
2024-06-28 01:45:24,775 - antc - publisher - INFO - Script started
2024-06-28 01:45:24,778 - antc - publisher - DEBUG - Searching file
2024-06-28 01:45:24,778 - antc - publisher - DEBUG - File found
2024-06-28 01:45:24,778 - antc - publisher - DEBUG - Opening file
2024-06-28 01:45:24,778 - antc - publisher - DEBUG - File opened
2024-06-28 01:45:24,836 - badg - publisher - INFO - Script started
2024-06-28 01:45:24,837 - badg - publisher - DEBUG - Searching file
2024-06-28 01:45:24,837 - badg - publisher - DEBUG - File found
2024-06-28 01:45:24,837 - badg - publisher - DEBUG - Opening file
2024-06-28 01:45:24,837 - badg - publisher - DEBUG - File opened
2024-06-28 01:45:24,836 - areq - publisher - INFO - Script started
2024-06-28 01:45:24,838 - areq - publisher - DEBUG - Searching file
2024-06-28 01:45:24,841 - areq - publisher - DEBUG - File found
2024-06-28 01:45:24,841 - areq - publisher - DEBUG - Opening file
2024-06-28 01:45:24,841 - areq - publisher - DEBUG - File opened
2024-06-28 01:45:24,880 - bake - publisher - DEBUG - Connected to broker
2024-06-28 01:45:25,047 - alic - publisher - DEBUG - Connecting to broker sdb777f7.ala.dedicated.aws.emqxcloud.com
2024-06-28 01:45:25,154 - albh - publisher - DEBUG - Connecting to broker sdb777f7.ala.dedicated.aws.emqxcloud.com
2024-06-28 01:45:25,178 - antc - publisher - DEBUG - Connecting to broker sdb777f7.ala.dedicated.aws.emqxcloud.com
2024-06-28 01:45:25,262 - alic - publisher - DEBUG - Connected to broker
2024-06-28 01:45:25,350 - albh - publisher - DEBUG - Connected to broker
2024-06-28 01:45:25,391 - antc - publisher - DEBUG - Connected to broker
2024-06-28 01:45:25,407 - badg - publisher - DEBUG - Connecting to broker sdb777f7.ala.dedicated.aws.emqxcloud.com
2024-06-28 01:45:25,603 - ascg - publisher - DEBUG - Connecting to broker sdb777f7.ala.dedicated.aws.emqxcloud.com
2024-06-28 01:45:25,618 - badg - publisher - DEBUG - Connected to broker
2024-06-28 01:45:25,624 - abpo - publisher - DEBUG - Connecting to broker sdb777f7.ala.dedicated.aws.emqxcloud.com
2024-06-28 01:45:25,723 - areg - publisher - DEBUG - Connecting to broker sdb777f7.ala.dedicated.aws.emqxcloud.com
2024-06-28 01:45:25,792 - ascg - publisher - DEBUG - Connected to broker
2024-06-28 01:45:25,828 - abpo - publisher - DEBUG - Connected to broker
2024-06-28 01:45:25,846 - areq - publisher - DEBUG - Connecting to broker sdb777f7.ala.dedicated.aws.emqxcloud.com
2024-06-28 01:45:25,935 - areg - publisher - DEBUG - Connected to broker
2024-06-28 01:45:26,059 - areq - publisher - DEBUG - Connected to broker
2024-06-28 01:45:29,563 - areq - publisher - INFO - Parsing started
2024-06-28 01:45:29,567 - areq - publisher - DEBUG - Message Published
2024-06-28 01:45:29,767 - alic - publisher - INFO - Parsing started
2024-06-28 01:45:29,778 - alic - publisher - DEBUG - Message Published
2024-06-28 01:45:29,855 - albh - publisher - INFO - Parsing started
2024-06-28 01:45:29,858 - albh - publisher - DEBUG - Message Published
2024-06-28 01:45:29,899 - antc - publisher - INFO - Parsing started
2024-06-28 01:45:29,903 - antc - publisher - DEBUG - Message Published
2024-06-28 01:45:30,109 - algo - publisher - INFO - Parsing started
2024-06-28 01:45:30,112 - algo - publisher - DEBUG - Message Published
2024-06-28 01:45:30,124 - badg - publisher - INFO - Parsing started
2024-06-28 01:45:30,136 - badg - publisher - DEBUG - Message Published
2024-06-28 01:45:30,298 - ascg - publisher - INFO - Parsing started
2024-06-28 01:45:30,307 - ascg - publisher - DEBUG - Message Published
2024-06-28 01:45:30,340 - abpo - publisher - INFO - Parsing started
2024-06-28 01:45:30,362 - abpo - publisher - DEBUG - Message Published
2024-06-28 01:45:30,389 - bake - publisher - INFO - Parsing started
2024-06-28 01:45:30,407 - bake - publisher - DEBUG - Message Published
2024-06-28 01:45:30,444 - areg - publisher - INFO - Parsing started
2024-06-28 01:45:30,484 - areg - publisher - DEBUG - Message Published
2024-06-28 01:45:59,608 - areq - publisher - DEBUG - Message Published
2024-06-28 01:45:59,853 - alic - publisher - DEBUG - Message Published
2024-06-28 01:45:59,912 - antc - publisher - DEBUG - Message Published
2024-06-28 01:45:59,926 - albh - publisher - DEBUG - Message Published
2024-06-28 01:46:00,148 - algo - publisher - DEBUG - Message Published
2024-06-28 01:46:00,201 - badg - publisher - DEBUG - Message Published
2024-06-28 01:46:00,395 - abpo - publisher - DEBUG - Message Published
2024-06-28 01:46:00,424 - ascg - publisher - DEBUG - Message Published
2024-06-28 01:46:00,438 - bake - publisher - DEBUG - Message Published
2024-06-28 01:46:00,546 - areg - publisher - DEBUG - Message Published
2024-06-28 01:46:29,643 - areq - publisher - DEBUG - Message Published
2024-06-28 01:46:29,907 - alic - publisher - DEBUG - Message Published
2024-06-28 01:46:29,918 - albh - publisher - DEBUG - Message Published
2024-06-28 01:46:29,917 - antc - publisher - DEBUG - Message Published
2024-06-28 01:46:30,174 - algo - publisher - DEBUG - Message Published
2024-06-28 01:46:30,214 - badg - publisher - DEBUG - Message Published
2024-06-28 01:46:30,374 - ascg - publisher - DEBUG - Message Published
2024-06-28 01:46:30,406 - abpo - publisher - DEBUG - Message Published
2024-06-28 01:46:30,484 - bake - publisher - DEBUG - Message Published
2024-06-28 01:46:30,586 - areg - publisher - DEBUG - Message Published
2024-06-28 01:46:59,634 - areq - publisher - DEBUG - Message Published
2024-06-28 01:46:59,924 - antc - publisher - DEBUG - Message Published
2024-06-28 01:46:59,943 - alic - publisher - DEBUG - Message Published
2024-06-28 01:46:59,958 - albh - publisher - DEBUG - Message Published
2024-06-28 01:47:00,189 - algo - publisher - DEBUG - Message Published
2024-06-28 01:47:00,267 - badg - publisher - DEBUG - Message Published
2024-06-28 01:47:00,414 - ascg - publisher - DEBUG - Message Published
2024-06-28 01:47:00,458 - bake - publisher - DEBUG - Message Published
2024-06-28 01:47:00,527 - areg - publisher - DEBUG - Message Published
2024-06-28 01:47:00,527 - abpo - publisher - DEBUG - Message Published
2024-06-28 01:47:13,413 - fastapi - stopscript - INFO - User stops script
2024-06-28 01:47:13,413 - fastapi - stopscript - INFO - User stops script
2024-06-28 01:47:25,338 - fastapi - stopscript - DEBUG - Script stopped
2024-06-28 01:47:25,338 - fastapi - stopscript - DEBUG - Script stopped
2024-06-28 01:49:37,774 - fastapi - stopscript - INFO - User stops script
2024-06-28 01:49:37,774 - fastapi - stopscript - INFO - User stops script
2024-06-28 01:49:37,774 - fastapi - stopscript - INFO - User stops script
2024-06-28 01:49:37,793 - fastapi - stopscript - DEBUG - Nothing to stop
2024-06-28 01:49:37,793 - fastapi - stopscript - DEBUG - Nothing to stop
2024-06-28 01:49:37,793 - fastapi - stopscript - DEBUG - Nothing to stop
2024-06-28 01:50:46,839 - fastapi - launchscript - INFO - User launched scripts
2024-06-28 01:50:46,858 - fastapi - launchscript - DEBUG - Scripts started
2024-06-28 01:50:47,012 - mainscript - INFO - Start archive loading for date 2024-03-30
2024-06-28 01:50:47,012 - archiveloader - INFO - Downloading ./downloadfiles/rnxfiles/2024-03-30.zip
